SF:lib/flutter_facebook_auth_platform_interface.dart
DA:21,2
DA:23,1
DA:26,2
DA:29,1
LF:4
LH:4
end_of_record
SF:lib/src/access_token.dart
DA:30,1
DA:45,1
DA:46,1
DA:47,1
DA:48,1
DA:49,2
DA:50,2
DA:51,1
DA:52,1
DA:53,1
DA:54,1
DA:55,2
DA:56,0
DA:57,1
DA:58,2
DA:59,0
DA:64,2
DA:65,1
DA:66,1
DA:67,2
DA:68,2
DA:69,1
DA:70,1
DA:71,1
DA:72,1
DA:73,1
LF:26
LH:24
end_of_record
SF:lib/src/method_cahnnel.dart
DA:22,1
DA:27,4
DA:31,2
DA:32,1
DA:33,3
DA:45,1
DA:46,2
DA:47,1
DA:49,3
DA:50,2
DA:51,1
DA:52,3
DA:62,1
DA:66,4
DA:70,0
DA:72,2
DA:74,1
DA:75,3
DA:81,1
DA:82,3
DA:87,1
DA:88,3
DA:90,2
LF:23
LH:22
end_of_record
SF:lib/src/facebook_auth_exception.dart
DA:10,1
LF:1
LH:1
end_of_record
